No se pudo encolar notificación pairing no existe la relación «notificaciones»
Error /api/scan error: no existe la columna «client_tx_id»
    at C:\Users\tiago\Dylo-front\Backend\node_modules\pg\lib\client.js:545:17
    at process.processTicksAndRejections (node:internal/process/task_queues:95:5)
    at async C:\Users\tiago\Dylo-front\Backend\server.js:71:21 {
  length: 113,
  severity: 'ERROR',
  code: '42703',
  detail: undefined,
  hint: undefined,
  position: '35',
  internalPosition: undefined,
  internalQuery: undefined,
  where: undefined,
  schema: undefined,
  table: undefined,
  column: undefined,
  dataType: undefined,
  constraint: undefined,
  file: 'parse_relation.c',
  line: '3718',
  routine: 'errorMissingColumn'
}
